#
# There is insufficient memory for the Java Runtime Environment to continue.
# Native memory allocation (malloc) failed to allocate 2726432 bytes. Error detail: Chunk::new
# Possible reasons:
#   The system is out of physical RAM or swap space
#   This process is running with CompressedOops enabled, and the Java Heap may be blocking the growth of the native heap
# Possible solutions:
#   Reduce memory load on the system
#   Increase physical memory or swap space
#   Check if swap backing store is full
#   Decrease Java heap size (-Xmx/-Xms)
#   Decrease number of Java threads
#   Decrease Java thread stack sizes (-Xss)
#   Set larger code cache with -XX:ReservedCodeCacheSize=
#   JVM is running with Unscaled Compressed Oops mode in which the Java heap is
#     placed in the first 4GB address space. The Java Heap base address is the
#     maximum limit for the native heap growth. Please use -XX:HeapBaseMinAddress
#     to set the Java Heap base and to place the Java Heap above 4GB virtual address.
# This output file may be truncated or incomplete.
#
#  Out of Memory Error (arena.cpp:168), pid=18952, tid=864
#
# JRE version: OpenJDK Runtime Environment Temurin-21.0.11+10 (21.0.11+10) (build 21.0.11+10-LTS)
# Java VM: OpenJDK 64-Bit Server VM Temurin-21.0.11+10 (21.0.11+10-LTS, mixed mode, sharing, tiered, compressed oops, compressed class ptrs, parallel gc, windows-amd64)
# No core dump will be written. Minidumps are not enabled by default on client versions of Windows
#

---------------  S U M M A R Y ------------

Command Line: --add-modules=ALL-SYSTEM --add-opens=java.base/java.util=ALL-UNNAMED --add-opens=java.base/java.lang=ALL-UNNAMED --add-opens=java.base/sun.nio.fs=ALL-UNNAMED -Declipse.application=org.eclipse.jdt.ls.core.id1 -Dosgi.bundles.defaultStartLevel=4 -Declipse.product=org.eclipse.jdt.ls.core.product -Djava.import.generatesMetadataFilesAtProjectRoot=false -DDetectVMInstallationsJob.disabled=true -Dfile.encoding=utf8 -XX:+UseParallelGC -XX:GCTimeRatio=4 -XX:AdaptiveSizePolicyWeight=90 -Dsun.zip.disableMemoryMapping=true -Xmx2G -Xms100m -Xlog:disable -javaagent:c:\Users\a2947\.vscode\extensions\redhat.java-1.55.0-win32-x64\lombok\lombok-1.18.39-4050.jar -XX:+HeapDumpOnOutOfMemoryError -XX:HeapDumpPath=c:\Users\a2947\AppData\Roaming\Code\User\workspaceStorage\81979c6af268455ac5695f8bd0db8f8c\redhat.java -Daether.dependencyCollector.impl=bf c:\Users\a2947\.vscode\extensions\redhat.java-1.55.0-win32-x64\server\plugins\org.eclipse.equinox.launcher_1.7.200.v20260619-2039.jar -configuration c:\Users\a2947\AppData\Roaming\Code\User\globalStorage\redhat.java\1.55.0\config_win -data c:\Users\a2947\AppData\Roaming\Code\User\workspaceStorage\81979c6af268455ac5695f8bd0db8f8c\redhat.java\jdt_ws --pipe=\\.\pipe\lsp-641a1ed8f427924b0c7974cef8332066-sock

Host: Snapdragon (TM) 7c Gen 2 @ 2.55 GHz, 8 cores, 3G,  Windows 11 , 64 bit Build 26100 (10.0.26100.8521)
Time: Tue Jul 14 20:48:03 2026 Hora oficial do Brasil elapsed time: 3107.027957 seconds (0d 0h 51m 47s)

---------------  T H R E A D  ---------------

Current thread (0x000001e45229a0c0):  JavaThread "C2 CompilerThread0" daemon [_thread_in_native, id=864, stack(0x0000004b21200000,0x0000004b21300000) (1024K)]


Current CompileTask:
C2:3107042 8717       4       org.eclipse.jdt.internal.compiler.lookup.BinaryTypeBinding::createMethod (1666 bytes)

Stack: [0x0000004b21200000,0x0000004b21300000]
Native frames: (J=compiled Java code, j=interpreted, Vv=VM code, C=native code)
V  [jvm.dll+0x6d7e19]
V  [jvm.dll+0x8b5096]
V  [jvm.dll+0x8b764e]
V  [jvm.dll+0x8b7d33]
V  [jvm.dll+0x284596]
V  [jvm.dll+0xc685d]
V  [jvm.dll+0xc6da1]
V  [jvm.dll+0x3bed6b]
V  [jvm.dll+0x1e3f42]
V  [jvm.dll+0x24c853]
V  [jvm.dll+0x24bce0]
V  [jvm.dll+0x1cb4ae]
V  [jvm.dll+0x25baad]
V  [jvm.dll+0x25a03a]
V  [jvm.dll+0x3f868e]
V  [jvm.dll+0x85fb0d]
V  [jvm.dll+0x6d664d]
C  [ucrtbase.dll+0x19a20c]


---------------  P R O C E S S  ---------------

Threads class SMR info:
_java_thread_list=0x000001e49d581800, length=63, elements={
0x000001e43b810150, 0x000001e452280b20, 0x000001e452284030, 0x000001e4522897d0,
0x000001e45228e850, 0x000001e452295800, 0x000001e452299280, 0x000001e45229a0c0,
0x000001e4994e00f0, 0x000001e4996a0dc0, 0x000001e4996fcd10, 0x000001e49a82e170,
0x000001e49ad5e420, 0x000001e49a7ff860, 0x000001e49abc0a10, 0x000001e49a93c1b0,
0x000001e49c7608c0, 0x000001e49ad2d580, 0x000001e49acaa2d0, 0x000001e49acad750,
0x000001e49acaaff0, 0x000001e49acabd10, 0x000001e49acab680, 0x000001e49acaca30,
0x000001e49c11ada0, 0x000001e49c11c7e0, 0x000001e49c11bac0, 0x000001e49c11ce70,
0x000001e49c11d500, 0x000001e49c11a080, 0x000001e49c11a710, 0x000001e49f3cd740,
0x000001e49f3cfea0, 0x000001e49f3cf180, 0x000001e49f3cf810, 0x000001e49f3ce460,
0x000001e49f3d0530, 0x000001e49f3cd0b0, 0x000001e49f3d0bc0, 0x000001e49f3d1250,
0x000001e49f3cca20, 0x000001e49f3cddd0, 0x000001e49f3d39b0, 0x000001e49f3d2600,
0x000001e49f3d4040, 0x000001e49f3d3320, 0x000001e49f3d2c90, 0x000001e49f3d18e0,
0x000001e49c11b430, 0x000001e49c11c150, 0x000001e49acac3a0, 0x000001e49c97a840,
0x000001e49c97aed0, 0x000001e49c97bbf0, 0x000001e49c97cfa0, 0x000001e49c97d630,
0x000001e49c97dcc0, 0x000001e49c97e350, 0x000001e49c97e9e0, 0x000001e49c97b560,
0x000001e49c97f070, 0x000001e49c97f700, 0x000001e49c97c280
}

Java Threads: ( => current thread )
  0x000001e43b810150 JavaThread "main"                              [_thread_blocked, id=13268, stack(0x0000004b20800000,0x0000004b20900000) (1024K)]
  0x000001e452280b20 JavaThread "Reference Handler"          daemon [_thread_blocked, id=27228, stack(0x0000004b20c00000,0x0000004b20d00000) (1024K)]
  0x000001e452284030 JavaThread "Finalizer"                  daemon [_thread_blocked, id=13852, stack(0x0000004b20d00000,0x0000004b20e00000) (1024K)]
  0x000001e4522897d0 JavaThread "Signal Dispatcher"          daemon [_thread_blocked, id=25316, stack(0x0000004b20e00000,0x0000004b20f00000) (1024K)]
  0x000001e45228e850 JavaThread "Attach Listener"            daemon [_thread_blocked, id=23676, stack(0x0000004b20f00000,0x0000004b21000000) (1024K)]
  0x000001e452295800 JavaThread "Service Thread"             daemon [_thread_blocked, id=14612, stack(0x0000004b21000000,0x0000004b21100000) (1024K)]
  0x000001e452299280 JavaThread "Monitor Deflation Thread"   daemon [_thread_blocked, id=24884, stack(0x0000004b21100000,0x0000004b21200000) (1024K)]
=>0x000001e45229a0c0 JavaThread "C2 CompilerThread0"         daemon [_thread_in_native, id=864, stack(0x0000004b21200000,0x0000004b21300000) (1024K)]
  0x000001e4994e00f0 JavaThread "C1 CompilerThread0"         daemon [_thread_blocked, id=27308, stack(0x0000004b21300000,0x0000004b21400000) (1024K)]
  0x000001e4996a0dc0 JavaThread "Common-Cleaner"             daemon [_thread_blocked, id=24508, stack(0x0000004b21400000,0x0000004b21500000) (1024K)]
  0x000001e4996fcd10 JavaThread "Notification Thread"        daemon [_thread_blocked, id=7648, stack(0x0000004b21500000,0x0000004b21600000) (1024K)]
  0x000001e49a82e170 JavaThread "Active Thread: Equinox Container: 7be00196-c235-4de0-abf4-1dd6b6f803ae"        [_thread_blocked, id=21836, stack(0x0000004b21c00000,0x0000004b21d00000) (1024K)]
  0x000001e49ad5e420 JavaThread "Refresh Thread: Equinox Container: 7be00196-c235-4de0-abf4-1dd6b6f803ae" daemon [_thread_blocked, id=26248, stack(0x0000004b20500000,0x0000004b20600000) (1024K)]
  0x000001e49a7ff860 JavaThread "Framework Event Dispatcher: Equinox Container: 7be00196-c235-4de0-abf4-1dd6b6f803ae" daemon [_thread_blocked, id=27564, stack(0x0000004b21d00000,0x0000004b21e00000) (1024K)]
  0x000001e49abc0a10 JavaThread "Start Level: Equinox Container: 7be00196-c235-4de0-abf4-1dd6b6f803ae" daemon [_thread_blocked, id=7600, stack(0x0000004b21e00000,0x0000004b21f00000) (1024K)]
  0x000001e49a93c1b0 JavaThread "Bundle File Closer"         daemon [_thread_blocked, id=22124, stack(0x0000004b21f00000,0x0000004b22000000) (1024K)]
  0x000001e49c7608c0 JavaThread "SCR Component Actor"        daemon [_thread_blocked, id=16632, stack(0x0000004b22000000,0x0000004b22100000) (1024K)]
  0x000001e49ad2d580 JavaThread "Worker-JM"                         [_thread_blocked, id=6364, stack(0x0000004b22100000,0x0000004b22200000) (1024K)]
  0x000001e49acaa2d0 JavaThread "JNA Cleaner"                daemon [_thread_blocked, id=25592, stack(0x0000004b22200000,0x0000004b22300000) (1024K)]
  0x000001e49acad750 JavaThread "Worker-0: Updating Maven Dependencies"        [_thread_blocked, id=6972, stack(0x0000004b22300000,0x0000004b22400000) (1024K)]
  0x000001e49acaaff0 JavaThread "Worker-1: Initialize After Load"        [_thread_blocked, id=8520, stack(0x0000004b22400000,0x0000004b22500000) (1024K)]
  0x000001e49acabd10 JavaThread "Worker-2"                          [_thread_blocked, id=26884, stack(0x0000004b22500000,0x0000004b22600000) (1024K)]
  0x000001e49acab680 JavaThread "Worker-4: Building"                [_thread_blocked, id=26948, stack(0x0000004b22600000,0x0000004b22700000) (1024K)]
  0x000001e49acaca30 JavaThread "Java indexing"              daemon [_thread_blocked, id=24192, stack(0x0000004b22a00000,0x0000004b22b00000) (1024K)]
  0x000001e49c11ada0 JavaThread "Worker-5"                          [_thread_blocked, id=26992, stack(0x0000004b22c00000,0x0000004b22d00000) (1024K)]
  0x000001e49c11c7e0 JavaThread "Worker-8: Synchronize Gradle projects with workspace"        [_thread_blocked, id=15232, stack(0x0000004b22f00000,0x0000004b23000000) (1024K)]
  0x000001e49c11bac0 JavaThread "Thread-1"                   daemon [_thread_in_native, id=19324, stack(0x0000004b23000000,0x0000004b23100000) (1024K)]
  0x000001e49c11ce70 JavaThread "Thread-2"                   daemon [_thread_in_native, id=15044, stack(0x0000004b23100000,0x0000004b23200000) (1024K)]
  0x000001e49c11d500 JavaThread "Thread-3"                   daemon [_thread_in_native, id=26868, stack(0x0000004b23200000,0x0000004b23300000) (1024K)]
  0x000001e49c11a080 JavaThread "Thread-4"                   daemon [_thread_in_native, id=10896, stack(0x0000004b23300000,0x0000004b23400000) (1024K)]
  0x000001e49c11a710 JavaThread "Thread-5"                   daemon [_thread_in_native, id=25672, stack(0x0000004b23400000,0x0000004b23500000) (1024K)]
  0x000001e49f3cd740 JavaThread "Thread-6"                   daemon [_thread_in_native, id=17760, stack(0x0000004b23500000,0x0000004b23600000) (1024K)]
  0x000001e49f3cfea0 JavaThread "Thread-7"                   daemon [_thread_in_native, id=18200, stack(0x0000004b23600000,0x0000004b23700000) (1024K)]
  0x000001e49f3cf180 JavaThread "Thread-8"                   daemon [_thread_in_native, id=8696, stack(0x0000004b23700000,0x0000004b23800000) (1024K)]
  0x000001e49f3cf810 JavaThread "Thread-9"                   daemon [_thread_in_native, id=26264, stack(0x0000004b23800000,0x0000004b23900000) (1024K)]
  0x000001e49f3ce460 JavaThread "Timer-0"                           [_thread_blocked, id=19048, stack(0x0000004b23a00000,0x0000004b23b00000) (1024K)]
  0x000001e49f3d0530 JavaThread "pool-2-thread-1"                   [_thread_blocked, id=1940, stack(0x0000004b23b00000,0x0000004b23c00000) (1024K)]
  0x000001e49f3cd0b0 JavaThread "Timer-1"                           [_thread_blocked, id=8512, stack(0x0000004b23c00000,0x0000004b23d00000) (1024K)]
  0x000001e49f3d0bc0 JavaThread "WorkspaceEventsHandler"            [_thread_blocked, id=12708, stack(0x0000004b23e00000,0x0000004b23f00000) (1024K)]
  0x000001e49f3d1250 JavaThread "pool-1-thread-1"                   [_thread_blocked, id=25000, stack(0x0000004b23f00000,0x0000004b24000000) (1024K)]
  0x000001e49f3cca20 JavaThread "LocalFile Deleter"          daemon [_thread_blocked, id=15660, stack(0x0000004b20700000,0x0000004b20800000) (1024K)]
  0x000001e49f3cddd0 JavaThread "LocalFile Deleter"          daemon [_thread_blocked, id=23476, stack(0x0000004b22800000,0x0000004b22900000) (1024K)]
  0x000001e49f3d39b0 JavaThread "LocalFile Deleter"          daemon [_thread_blocked, id=24924, stack(0x0000004b22b00000,0x0000004b22c00000) (1024K)]
  0x000001e49f3d2600 JavaThread "LocalFile Deleter"          daemon [_thread_blocked, id=26452, stack(0x0000004b22d00000,0x0000004b22e00000) (1024K)]
  0x000001e49f3d4040 JavaThread "LocalFile Deleter"          daemon [_thread_blocked, id=8252, stack(0x0000004b22e00000,0x0000004b22f00000) (1024K)]
  0x000001e49f3d3320 JavaThread "LocalFile Deleter"          daemon [_thread_blocked, id=14304, stack(0x0000004b23900000,0x0000004b23a00000) (1024K)]
  0x000001e49f3d2c90 JavaThread "LocalFile Deleter"          daemon [_thread_blocked, id=4624, stack(0x0000004b24100000,0x0000004b24200000) (1024K)]
  0x000001e49f3d18e0 JavaThread "Compiler Source File Reader" daemon [_thread_blocked, id=4432, stack(0x0000004b24200000,0x0000004b24300000) (1024K)]
  0x000001e49c11b430 JavaThread "Compiler Source File Reader" daemon [_thread_blocked, id=27128, stack(0x0000004b24300000,0x0000004b24400000) (1024K)]
  0x000001e49c11c150 JavaThread "Compiler Source File Reader" daemon [_thread_blocked, id=7160, stack(0x0000004b24400000,0x0000004b24500000) (1024K)]
  0x000001e49acac3a0 JavaThread "Compiler Source File Reader" daemon [_thread_blocked, id=14812, stack(0x0000004b24500000,0x0000004b24600000) (1024K)]
  0x000001e49c97a840 JavaThread "Compiler Source File Reader" daemon [_thread_blocked, id=19184, stack(0x0000004b24600000,0x0000004b24700000) (1024K)]
  0x000001e49c97aed0 JavaThread "Compiler Source File Reader" daemon [_thread_blocked, id=11172, stack(0x0000004b24700000,0x0000004b24800000) (1024K)]
  0x000001e49c97bbf0 JavaThread "Compiler Processing Task"   daemon [_thread_in_Java, id=10784, stack(0x0000004b22700000,0x0000004b22800000) (1024K)]
  0x000001e49c97cfa0 JavaThread "Worker-10"                         [_thread_blocked, id=9456, stack(0x0000004b22900000,0x0000004b22a00000) (1024K)]
  0x000001e49c97d630 JavaThread "Worker-11"                         [_thread_blocked, id=19912, stack(0x0000004b24800000,0x0000004b24900000) (1024K)]
  0x000001e49c97dcc0 JavaThread "Compiler Class File Writer" daemon [_thread_blocked, id=2828, stack(0x0000004b24900000,0x0000004b24a00000) (1024K)]
  0x000001e49c97e350 JavaThread "Compiler Class File Writer" daemon [_thread_blocked, id=27504, stack(0x0000004b24a00000,0x0000004b24b00000) (1024K)]
  0x000001e49c97e9e0 JavaThread "Compiler Class File Writer" daemon [_thread_blocked, id=19484, stack(0x0000004b24b00000,0x0000004b24c00000) (1024K)]
  0x000001e49c97b560 JavaThread "Compiler Class File Writer" daemon [_thread_blocked, id=26876, stack(0x0000004b24c00000,0x0000004b24d00000) (1024K)]
  0x000001e49c97f070 JavaThread "Compiler Class File Writer" daemon [_thread_blocked, id=7360, stack(0x0000004b24d00000,0x0000004b24e00000) (1024K)]
  0x000001e49c97f700 JavaThread "Compiler Class File Writer" daemon [_thread_blocked, id=24768, stack(0x0000004b23d00000,0x0000004b23e00000) (1024K)]
  0x000001e49c97c280 JavaThread "Timer-2"                           [_thread_blocked, id=27600, stack(0x0000004b24000000,0x0000004b24100000) (1024K)]
Total: 63

Other Threads:
  0x000001e43b8b0b30 VMThread "VM Thread"                           [id=22568, stack(0x0000004b20b00000,0x0000004b20c00000) (1024K)]
  0x000001e45218cb40 WatcherThread "VM Periodic Task Thread"        [id=26832, stack(0x0000004b20a00000,0x0000004b20b00000) (1024K)]
  0x000001e43b82e860 WorkerThread "GC Thread#0"                     [id=10324, stack(0x0000004b20900000,0x0000004b20a00000) (1024K)]
  0x000001e499786d50 WorkerThread "GC Thread#1"                     [id=26780, stack(0x0000004b21600000,0x0000004b21700000) (1024K)]
  0x000001e49ab02010 WorkerThread "GC Thread#2"                     [id=6644, stack(0x0000004b21700000,0x0000004b21800000) (1024K)]
  0x000001e49a756fb0 WorkerThread "GC Thread#3"                     [id=12608, stack(0x0000004b21800000,0x0000004b21900000) (1024K)]
  0x000001e49a757360 WorkerThread "GC Thread#4"                     [id=26268, stack(0x0000004b21900000,0x0000004b21a00000) (1024K)]
  0x000001e49a757710 WorkerThread "GC Thread#5"                     [id=23516, stack(0x0000004b21a00000,0x0000004b21b00000) (1024K)]
  0x000001e49a761e20 WorkerThread "GC Thread#6"                     [id=12908, stack(0x0000004b21b00000,0x0000004b21c00000) (1024K)]
  0x000001e49a92e6e0 WorkerThread "GC Thread#7"                     [id=5980, stack(0x0000004b20400000,0x0000004b20500000) (1024K)]
Total: 10

Threads with active compile tasks:
C2 CompilerThread0  3107459 8717       4       org.eclipse.jdt.internal.compiler.lookup.BinaryTypeBinding::createMethod (1666 bytes)
Total: 1

VM state: not at safepoint (normal execution)

VM Mutex/Monitor currently owned by a thread:  ([mutex/lock_event])
[0x00007ff9b2fde070] MethodCompileQueue_lock - owner thread: 0x0000000000000000

Heap address: 0x0000000080000000, size: 2048 MB, Compressed Oops mode: 32-bit

CDS archive(s) mapped at: [0x000001e453000000-0x000001e453ba0000-0x000001e453ba0000), size 12189696, SharedBaseAddress: 0x000001e453000000, ArchiveRelocationMode: 1.
Compressed class space mapped at: 0x000001e454000000-0x000001e494000000, reserved size: 1073741824
Narrow klass base: 0x000001e453000000, Narrow klass shift: 0, Narrow klass range: 0x100000000

GC Precious Log:
 CardTable entry size: 512
 CPUs: 8 total, 8 available
 Memory: 3767M
 Large Page Support: Disabled
 NUMA Support: Disabled
 Compressed Oops: Enabled (32-bit)
 Alignments: Space 512K, Generation 512K, Heap 2M
 Heap Min Capacity: 100M
 Heap Initial Capacity: 100M
 Heap Max Capacity: 2G
 Pre-touch: Disabled
 Parallel Workers: 8

Heap:
 PSYoungGen      total 23040K, used 4499K [0x00000000d5580000, 0x00000000d7100000, 0x0000000100000000)
  eden space 22016K, 15% used [0x00000000d5580000,0x00000000d58e70b0,0x00000000d6b00000)
  from space 1024K, 99% used [0x00000000d6f00000,0x00000000d6ffdb98,0x00000000d7000000)
  to   space 3072K, 0% used [0x00000000d6b00000,0x00000000d6b00000,0x00000000d6e00000)
 ParOldGen       total 68608K, used 54528K [0x0000000080000000, 0x0000000084300000, 0x00000000d5580000)
  object space 68608K, 79% used [0x0000000080000000,0x0000000083540338,0x0000000084300000)
 Metaspace       used 62812K, committed 64192K, reserved 1114112K
  class space    used 7296K, committed 7936K, reserved 1048576K

Card table byte_map: [0x000001e43b2a0000,0x000001e43b6b0000] _byte_map_base: 0x000001e43aea0000

Marking Bits: (ParMarkBitMap*) 0x00007ff9b2fe4460
 Begin Bits: [0x000001e44dcb0000, 0x000001e44fcb0000)
 End Bits:   [0x000001e44fcb0000, 0x000001e451cb0000)

Polling page: 0x000001e43afc0000

Metaspace:

Usage:
  Non-class:     54.21 MB used.
      Class:      7.13 MB used.
       Both:     61.34 MB used.

Virtual space:
  Non-class space:       64.00 MB reserved,      54.94 MB ( 86%) committed,  1 nodes.
      Class space:        1.00 GB reserved,       7.75 MB ( <1%) committed,  1 nodes.
             Both:        1.06 GB reserved,      62.69 MB (  6%) committed. 

Chunk freelists:
   Non-Class:  8.69 MB
       Class:  8.14 MB
        Both:  16.83 MB

MaxMetaspaceSize: unlimited
CompressedClassSpaceSize: 1.00 GB
Initial GC threshold: 21.00 MB
Current GC threshold: 97.31 MB
CDS: on
 - commit_granule_bytes: 65536.
 - commit_granule_words: 8192.
 - virtual_space_node_default_size: 8388608.
 - enlarge_chunks_in_place: 1.
 - use_allocation_guard: 0.


Internal statistics:

num_allocs_failed_limit: 11.
num_arena_births: 1256.
num_arena_deaths: 270.
num_vsnodes_births: 2.
num_vsnodes_deaths: 0.
num_space_committed: 1003.
num_space_uncommitted: 0.
num_chunks_returned_to_freelist: 312.
num_chunks_taken_from_freelist: 4419.
num_chunk_merges: 83.
num_chunk_splits: 2545.
num_chunks_enlarged: 1360.
num_inconsistent_stats: 0.

CodeHeap 'non-profiled nmethods': size=120000Kb used=4895Kb max_used=4895Kb free=115104Kb
 bounds [0x000001e4464d0000, 0x000001e4469a0000, 0x000001e44da00000]
CodeHeap 'profiled nmethods': size=120000Kb used=17501Kb max_used=17501Kb free=102499Kb
 bounds [0x000001e43ea00000, 0x000001e43fb20000, 0x000001e445f30000]
CodeHeap 'non-nmethods': size=5760Kb used=1404Kb max_used=1446Kb free=4355Kb
 bounds [0x000001e445f30000, 0x000001e4461a0000, 0x000001e4464d0000]
CodeCache: size=245760Kb, used=23800Kb, max_used=23842Kb, free=221958Kb
 total_blobs=8719, nmethods=8001, adapters=625, full_count=0
Compilation: enabled, stopped_count=0, restarted_count=0

Compilation events (20 events):
Event: 3105.586 Thread 0x000001e4994e00f0 8971   !   3       lombok.launch.PatchFixesHider$Util::invokeMethod (22 bytes)
Event: 3105.598 Thread 0x000001e4994e00f0 nmethod 8971 0x000001e43faceb90 code [0x000001e43facee40, 0x000001e43facf928]
Event: 3105.631 Thread 0x000001e4994e00f0 8972       3       org.eclipse.jdt.internal.compiler.lookup.ReferenceBinding::binarySearch (180 bytes)
Event: 3105.634 Thread 0x000001e4994e00f0 nmethod 8972 0x000001e43facfe10 code [0x000001e43fad0040, 0x000001e43fad0828]
Event: 3105.692 Thread 0x000001e4994e00f0 8973       3       org.eclipse.jdt.internal.compiler.lookup.ReferenceBinding::isCompatibleWith (149 bytes)
Event: 3105.695 Thread 0x000001e4994e00f0 nmethod 8973 0x000001e43fad0c10 code [0x000001e43fad0ea0, 0x000001e43fad1c00]
Event: 3105.739 Thread 0x000001e4994e00f0 8974       3       org.eclipse.jdt.internal.compiler.lookup.SourceTypeBinding::superclass (25 bytes)
Event: 3105.744 Thread 0x000001e4994e00f0 nmethod 8974 0x000001e43fad1e90 code [0x000001e43fad2060, 0x000001e43fad2628]
Event: 3105.792 Thread 0x000001e4994e00f0 8975       3       org.eclipse.jdt.internal.compiler.lookup.BlockScope::findVariable (70 bytes)
Event: 3105.795 Thread 0x000001e4994e00f0 nmethod 8975 0x000001e43fad2790 code [0x000001e43fad2960, 0x000001e43fad2d18]
Event: 3105.816 Thread 0x000001e4994e00f0 8976       3       org.eclipse.jdt.internal.compiler.lookup.CompilationUnitScope::recordTypeReferences (74 bytes)
Event: 3105.820 Thread 0x000001e4994e00f0 nmethod 8976 0x000001e43fad2f10 code [0x000001e43fad3120, 0x000001e43fad3808]
Event: 3105.829 Thread 0x000001e4994e00f0 8977       1       org.eclipse.jdt.internal.compiler.ast.MessageSend::genericTypeArguments (5 bytes)
Event: 3105.830 Thread 0x000001e4994e00f0 nmethod 8977 0x000001e446997890 code [0x000001e446997a20, 0x000001e446997ae8]
Event: 3105.833 Thread 0x000001e4994e00f0 8978       3       org.eclipse.jdt.internal.compiler.lookup.SourceTypeBinding::typeVariables (38 bytes)
Event: 3105.834 Thread 0x000001e4994e00f0 nmethod 8978 0x000001e43fad3a90 code [0x000001e43fad3c60, 0x000001e43fad4038]
Event: 3105.861 Thread 0x000001e4994e00f0 8979       1       org.eclipse.jdt.internal.compiler.ast.MessageSend::arguments (5 bytes)
Event: 3105.861 Thread 0x000001e4994e00f0 nmethod 8979 0x000001e446997b90 code [0x000001e446997d20, 0x000001e446997de8]
Event: 3105.881 Thread 0x000001e4994e00f0 8980   !   3       org.eclipse.jdt.internal.compiler.lookup.Scope::getBinding (1577 bytes)
Event: 3106.891 Thread 0x000001e4994e00f0 nmethod 8980 0x000001e43fad4190 code [0x000001e43fad4a00, 0x000001e43fadb2d8]

GC Heap History (20 events):
Event: 3046.899 GC heap before
{Heap before GC invocations=34 (full 2):
 PSYoungGen      total 23040K, used 22920K [0x00000000d5580000, 0x00000000d7180000, 0x0000000100000000)
  eden space 22016K, 100% used [0x00000000d5580000,0x00000000d6b00000,0x00000000d6b00000)
  from space 1024K, 88% used [0x00000000d7000000,0x00000000d70e22f8,0x00000000d7100000)
  to   space 512K, 0% used [0x00000000d7100000,0x00000000d7100000,0x00000000d7180000)
 ParOldGen       total 68608K, used 47787K [0x0000000080000000, 0x0000000084300000, 0x00000000d5580000)
  object space 68608K, 69% used [0x0000000080000000,0x0000000082eaafd8,0x0000000084300000)
 Metaspace       used 54117K, committed 55360K, reserved 1114112K
  class space    used 6124K, committed 6720K, reserved 1048576K
}
Event: 3047.073 GC heap after
{Heap after GC invocations=34 (full 2):
 PSYoungGen      total 22528K, used 512K [0x00000000d5580000, 0x00000000d7180000, 0x0000000100000000)
  eden space 22016K, 0% used [0x00000000d5580000,0x00000000d5580000,0x00000000d6b00000)
  from space 512K, 100% used [0x00000000d7100000,0x00000000d7180000,0x00000000d7180000)
  to   space 1536K, 0% used [0x00000000d6e80000,0x00000000d6e80000,0x00000000d7000000)
 ParOldGen       total 68608K, used 48651K [0x0000000080000000, 0x0000000084300000, 0x00000000d5580000)
  object space 68608K, 70% used [0x0000000080000000,0x0000000082f82d88,0x0000000084300000)
 Metaspace       used 54117K, committed 55360K, reserved 1114112K
  class space    used 6124K, committed 6720K, reserved 1048576K
}
Event: 3051.218 GC heap before
{Heap before GC invocations=35 (full 2):
 PSYoungGen      total 22528K, used 22528K [0x00000000d5580000, 0x00000000d7180000, 0x0000000100000000)
  eden space 22016K, 100% used [0x00000000d5580000,0x00000000d6b00000,0x00000000d6b00000)
  from space 512K, 100% used [0x00000000d7100000,0x00000000d7180000,0x00000000d7180000)
  to   space 1536K, 0% used [0x00000000d6e80000,0x00000000d6e80000,0x00000000d7000000)
 ParOldGen       total 68608K, used 48651K [0x0000000080000000, 0x0000000084300000, 0x00000000d5580000)
  object space 68608K, 70% used [0x0000000080000000,0x0000000082f82d88,0x0000000084300000)
 Metaspace       used 54519K, committed 55744K, reserved 1114112K
  class space    used 6171K, committed 6720K, reserved 1048576K
}
Event: 3051.287 GC heap after
{Heap after GC invocations=35 (full 2):
 PSYoungGen      total 23552K, used 704K [0x00000000d5580000, 0x00000000d7180000, 0x0000000100000000)
  eden space 22016K, 0% used [0x00000000d5580000,0x00000000d5580000,0x00000000d6b00000)
  from space 1536K, 45% used [0x00000000d6e80000,0x00000000d6f30000,0x00000000d7000000)
  to   space 1024K, 0% used [0x00000000d7080000,0x00000000d7080000,0x00000000d7180000)
 ParOldGen       total 68608K, used 49084K [0x0000000080000000, 0x0000000084300000, 0x00000000d5580000)
  object space 68608K, 71% used [0x0000000080000000,0x0000000082fef310,0x0000000084300000)
 Metaspace       used 54519K, committed 55744K, reserved 1114112K
  class space    used 6171K, committed 6720K, reserved 1048576K
}
Event: 3053.981 GC heap before
{Heap before GC invocations=36 (full 2):
 PSYoungGen      total 23552K, used 22720K [0x00000000d5580000, 0x00000000d7180000, 0x0000000100000000)
  eden space 22016K, 100% used [0x00000000d5580000,0x00000000d6b00000,0x00000000d6b00000)
  from space 1536K, 45% used [0x00000000d6e80000,0x00000000d6f30000,0x00000000d7000000)
  to   space 1024K, 0% used [0x00000000d7080000,0x00000000d7080000,0x00000000d7180000)
 ParOldGen       total 68608K, used 49084K [0x0000000080000000, 0x0000000084300000, 0x00000000d5580000)
  object space 68608K, 71% used [0x0000000080000000,0x0000000082fef310,0x0000000084300000)
 Metaspace       used 54652K, committed 55872K, reserved 1114112K
  class space    used 6216K, committed 6784K, reserved 1048576K
}
Event: 3054.011 GC heap after
{Heap after GC invocations=36 (full 2):
 PSYoungGen      total 23040K, used 608K [0x00000000d5580000, 0x00000000d7180000, 0x0000000100000000)
  eden space 22016K, 0% used [0x00000000d5580000,0x00000000d5580000,0x00000000d6b00000)
  from space 1024K, 59% used [0x00000000d7080000,0x00000000d7118010,0x00000000d7180000)
  to   space 1024K, 0% used [0x00000000d6f80000,0x00000000d6f80000,0x00000000d7080000)
 ParOldGen       total 68608K, used 49624K [0x0000000080000000, 0x0000000084300000, 0x00000000d5580000)
  object space 68608K, 72% used [0x0000000080000000,0x0000000083076008,0x0000000084300000)
 Metaspace       used 54652K, committed 55872K, reserved 1114112K
  class space    used 6216K, committed 6784K, reserved 1048576K
}
Event: 3058.792 GC heap before
{Heap before GC invocations=37 (full 2):
 PSYoungGen      total 23040K, used 22624K [0x00000000d5580000, 0x00000000d7180000, 0x0000000100000000)
  eden space 22016K, 100% used [0x00000000d5580000,0x00000000d6b00000,0x00000000d6b00000)
  from space 1024K, 59% used [0x00000000d7080000,0x00000000d7118010,0x00000000d7180000)
  to   space 1024K, 0% used [0x00000000d6f80000,0x00000000d6f80000,0x00000000d7080000)
 ParOldGen       total 68608K, used 49624K [0x0000000080000000, 0x0000000084300000, 0x00000000d5580000)
  object space 68608K, 72% used [0x0000000080000000,0x0000000083076008,0x0000000084300000)
 Metaspace       used 54936K, committed 56192K, reserved 1114112K
  class space    used 6240K, committed 6784K, reserved 1048576K
}
Event: 3058.846 GC heap after
{Heap after GC invocations=37 (full 2):
 PSYoungGen      total 23040K, used 1015K [0x00000000d5580000, 0x00000000d7600000, 0x0000000100000000)
  eden space 22016K, 0% used [0x00000000d5580000,0x00000000d5580000,0x00000000d6b00000)
  from space 1024K, 99% used [0x00000000d6f80000,0x00000000d707df38,0x00000000d7080000)
  to   space 5632K, 0% used [0x00000000d7080000,0x00000000d7080000,0x00000000d7600000)
 ParOldGen       total 68608K, used 53134K [0x0000000080000000, 0x0000000084300000, 0x00000000d5580000)
  object space 68608K, 77% used [0x0000000080000000,0x00000000833e3be8,0x0000000084300000)
 Metaspace       used 54936K, committed 56192K, reserved 1114112K
  class space    used 6240K, committed 6784K, reserved 1048576K
}
Event: 3063.391 GC heap before
{Heap before GC invocations=38 (full 2):
 PSYoungGen      total 23040K, used 23031K [0x00000000d5580000, 0x00000000d7600000, 0x0000000100000000)
  eden space 22016K, 100% used [0x00000000d5580000,0x00000000d6b00000,0x00000000d6b00000)
  from space 1024K, 99% used [0x00000000d6f80000,0x00000000d707df38,0x00000000d7080000)
  to   space 5632K, 0% used [0x00000000d7080000,0x00000000d7080000,0x00000000d7600000)
 ParOldGen       total 68608K, used 53134K [0x0000000080000000, 0x0000000084300000, 0x00000000d5580000)
  object space 68608K, 77% used [0x0000000080000000,0x00000000833e3be8,0x0000000084300000)
 Metaspace       used 55791K, committed 57024K, reserved 1114112K
  class space    used 6354K, committed 6912K, reserved 1048576K
}
Event: 3063.441 GC heap after
{Heap after GC invocations=38 (full 2):
 PSYoungGen      total 23040K, used 576K [0x00000000d5580000, 0x00000000d7180000, 0x0000000100000000)
  eden space 22016K, 0% used [0x00000000d5580000,0x00000000d5580000,0x00000000d6b00000)
  from space 1024K, 56% used [0x00000000d7080000,0x00000000d7110010,0x00000000d7180000)
  to   space 2048K, 0% used [0x00000000d6d80000,0x00000000d6d80000,0x00000000d6f80000)
 ParOldGen       total 68608K, used 54111K [0x0000000080000000, 0x0000000084300000, 0x00000000d5580000)
  object space 68608K, 78% used [0x0000000080000000,0x00000000834d7e20,0x0000000084300000)
 Metaspace       used 55791K, committed 57024K, reserved 1114112K
  class space    used 6354K, committed 6912K, reserved 1048576K
}
Event: 3071.244 GC heap before
{Heap before GC invocations=39 (full 2):
 PSYoungGen      total 23040K, used 22592K [0x00000000d5580000, 0x00000000d7180000, 0x0000000100000000)
  eden space 22016K, 100% used [0x00000000d5580000,0x00000000d6b00000,0x00000000d6b00000)
  from space 1024K, 56% used [0x00000000d7080000,0x00000000d7110010,0x00000000d7180000)
  to   space 2048K, 0% used [0x00000000d6d80000,0x00000000d6d80000,0x00000000d6f80000)
 ParOldGen       total 68608K, used 54111K [0x0000000080000000, 0x0000000084300000, 0x00000000d5580000)
  object space 68608K, 78% used [0x0000000080000000,0x00000000834d7e20,0x0000000084300000)
 Metaspace       used 58110K, committed 59328K, reserved 1114112K
  class space    used 6640K, committed 7168K, reserved 1048576K
}
Event: 3071.378 GC heap after
{Heap after GC invocations=39 (full 2):
 PSYoungGen      total 24064K, used 1308K [0x00000000d5580000, 0x00000000d7100000, 0x0000000100000000)
  eden space 22016K, 0% used [0x00000000d5580000,0x00000000d5580000,0x00000000d6b00000)
  from space 2048K, 63% used [0x00000000d6d80000,0x00000000d6ec7230,0x00000000d6f80000)
  to   space 1536K, 0% used [0x00000000d6f80000,0x00000000d6f80000,0x00000000d7100000)
 ParOldGen       total 68608K, used 54503K [0x0000000080000000, 0x0000000084300000, 0x00000000d5580000)
  object space 68608K, 79% used [0x0000000080000000,0x0000000083539e30,0x0000000084300000)
 Metaspace       used 58110K, committed 59328K, reserved 1114112K
  class space    used 6640K, committed 7168K, reserved 1048576K
}
Event: 3079.334 GC heap before
{Heap before GC invocations=40 (full 2):
 PSYoungGen      total 24064K, used 6128K [0x00000000d5580000, 0x00000000d7100000, 0x0000000100000000)
  eden space 22016K, 21% used [0x00000000d5580000,0x00000000d5a34f90,0x00000000d6b00000)
  from space 2048K, 63% used [0x00000000d6d80000,0x00000000d6ec7230,0x00000000d6f80000)
  to   space 1536K, 0% used [0x00000000d6f80000,0x00000000d6f80000,0x00000000d7100000)
 ParOldGen       total 68608K, used 54503K [0x0000000080000000, 0x0000000084300000, 0x00000000d5580000)
  object space 68608K, 79% used [0x0000000080000000,0x0000000083539e30,0x0000000084300000)
 Metaspace       used 58537K, committed 59776K, reserved 1114112K
  class space    used 6712K, committed 7296K, reserved 1048576K
}
Event: 3079.458 GC heap after
{Heap after GC invocations=40 (full 2):
 PSYoungGen      total 22528K, used 416K [0x00000000d5580000, 0x00000000d7000000, 0x0000000100000000)
  eden space 22016K, 0% used [0x00000000d5580000,0x00000000d5580000,0x00000000d6b00000)
  from space 512K, 81% used [0x00000000d6f80000,0x00000000d6fe8000,0x00000000d7000000)
  to   space 1024K, 0% used [0x00000000d6e00000,0x00000000d6e00000,0x00000000d6f00000)
 ParOldGen       total 68608K, used 55738K [0x0000000080000000, 0x0000000084300000, 0x00000000d5580000)
  object space 68608K, 81% used [0x0000000080000000,0x000000008366eb88,0x0000000084300000)
 Metaspace       used 58537K, committed 59776K, reserved 1114112K
  class space    used 6712K, committed 7296K, reserved 1048576K
}
Event: 3079.459 GC heap before
{Heap before GC invocations=41 (full 3):
 PSYoungGen      total 22528K, used 416K [0x00000000d5580000, 0x00000000d7000000, 0x0000000100000000)
  eden space 22016K, 0% used [0x00000000d5580000,0x00000000d5580000,0x00000000d6b00000)
  from space 512K, 81% used [0x00000000d6f80000,0x00000000d6fe8000,0x00000000d7000000)
  to   space 1024K, 0% used [0x00000000d6e00000,0x00000000d6e00000,0x00000000d6f00000)
 ParOldGen       total 68608K, used 55738K [0x0000000080000000, 0x0000000084300000, 0x00000000d5580000)
  object space 68608K, 81% used [0x0000000080000000,0x000000008366eb88,0x0000000084300000)
 Metaspace       used 58537K, committed 59776K, reserved 1114112K
  class space    used 6712K, committed 7296K, reserved 1048576K
}
Event: 3084.463 GC heap after
{Heap after GC invocations=41 (full 3):
 PSYoungGen      total 22528K, used 0K [0x00000000d5580000, 0x00000000d7000000, 0x0000000100000000)
  eden space 22016K, 0% used [0x00000000d5580000,0x00000000d5580000,0x00000000d6b00000)
  from space 512K, 0% used [0x00000000d6f80000,0x00000000d6f80000,0x00000000d7000000)
  to   space 1024K, 0% used [0x00000000d6e00000,0x00000000d6e00000,0x00000000d6f00000)
 ParOldGen       total 68608K, used 52215K [0x0000000080000000, 0x0000000084300000, 0x00000000d5580000)
  object space 68608K, 76% used [0x0000000080000000,0x00000000832fdd40,0x0000000084300000)
 Metaspace       used 58537K, committed 59776K, reserved 1114112K
  class space    used 6712K, committed 7296K, reserved 1048576K
}
Event: 3093.944 GC heap before
{Heap before GC invocations=42 (full 3):
 PSYoungGen      total 22528K, used 22007K [0x00000000d5580000, 0x00000000d7000000, 0x0000000100000000)
  eden space 22016K, 99% used [0x00000000d5580000,0x00000000d6afdf70,0x00000000d6b00000)
  from space 512K, 0% used [0x00000000d6f80000,0x00000000d6f80000,0x00000000d7000000)
  to   space 1024K, 0% used [0x00000000d6e00000,0x00000000d6e00000,0x00000000d6f00000)
 ParOldGen       total 68608K, used 52215K [0x0000000080000000, 0x0000000084300000, 0x00000000d5580000)
  object space 68608K, 76% used [0x0000000080000000,0x00000000832fdd40,0x0000000084300000)
 Metaspace       used 60653K, committed 61952K, reserved 1114112K
  class space    used 6982K, committed 7616K, reserved 1048576K
}
Event: 3093.998 GC heap after
{Heap after GC invocations=42 (full 3):
 PSYoungGen      total 23040K, used 1011K [0x00000000d5580000, 0x00000000d7000000, 0x0000000100000000)
  eden space 22016K, 0% used [0x00000000d5580000,0x00000000d5580000,0x00000000d6b00000)
  from space 1024K, 98% used [0x00000000d6e00000,0x00000000d6efcfd8,0x00000000d6f00000)
  to   space 1024K, 0% used [0x00000000d6f00000,0x00000000d6f00000,0x00000000d7000000)
 ParOldGen       total 68608K, used 53004K [0x0000000080000000, 0x0000000084300000, 0x00000000d5580000)
  object space 68608K, 77% used [0x0000000080000000,0x00000000833c3250,0x0000000084300000)
 Metaspace       used 60653K, committed 61952K, reserved 1114112K
  class space    used 6982K, committed 7616K, reserved 1048576K
}
Event: 3102.406 GC heap before
{Heap before GC invocations=43 (full 3):
 PSYoungGen      total 23040K, used 23027K [0x00000000d5580000, 0x00000000d7000000, 0x0000000100000000)
  eden space 22016K, 100% used [0x00000000d5580000,0x00000000d6b00000,0x00000000d6b00000)
  from space 1024K, 98% used [0x00000000d6e00000,0x00000000d6efcfd8,0x00000000d6f00000)
  to   space 1024K, 0% used [0x00000000d6f00000,0x00000000d6f00000,0x00000000d7000000)
 ParOldGen       total 68608K, used 53004K [0x0000000080000000, 0x0000000084300000, 0x00000000d5580000)
  object space 68608K, 77% used [0x0000000080000000,0x00000000833c3250,0x0000000084300000)
 Metaspace       used 62552K, committed 63936K, reserved 1114112K
  class space    used 7280K, committed 7936K, reserved 1048576K
}
Event: 3102.444 GC heap after
{Heap after GC invocations=43 (full 3):
 PSYoungGen      total 23040K, used 1014K [0x00000000d5580000, 0x00000000d7100000, 0x0000000100000000)
  eden space 22016K, 0% used [0x00000000d5580000,0x00000000d5580000,0x00000000d6b00000)
  from space 1024K, 99% used [0x00000000d6f00000,0x00000000d6ffdb98,0x00000000d7000000)
  to   space 3072K, 0% used [0x00000000d6b00000,0x00000000d6b00000,0x00000000d6e00000)
 ParOldGen       total 68608K, used 54528K [0x0000000080000000, 0x0000000084300000, 0x00000000d5580000)
  object space 68608K, 79% used [0x0000000080000000,0x0000000083540338,0x0000000084300000)
 Metaspace       used 62552K, committed 63936K, reserved 1114112K
  class space    used 7280K, committed 7936K, reserved 1048576K
}

Dll operation events (13 events):
Event: 0.834 Loaded shared library c:\Users\a2947\.vscode\extensions\redhat.java-1.55.0-win32-x64\jre\21.0.11-win32-x86_64\bin\java.dll
Event: 10.647 Loaded shared library c:\Users\a2947\.vscode\extensions\redhat.java-1.55.0-win32-x64\jre\21.0.11-win32-x86_64\bin\zip.dll
Event: 13.465 Loaded shared library C:\Users\a2947\.vscode\extensions\redhat.java-1.55.0-win32-x64\jre\21.0.11-win32-x86_64\bin\instrument.dll
Event: 14.010 Loaded shared library C:\Users\a2947\.vscode\extensions\redhat.java-1.55.0-win32-x64\jre\21.0.11-win32-x86_64\bin\net.dll
Event: 14.186 Loaded shared library C:\Users\a2947\.vscode\extensions\redhat.java-1.55.0-win32-x64\jre\21.0.11-win32-x86_64\bin\nio.dll
Event: 14.315 Loaded shared library C:\Users\a2947\.vscode\extensions\redhat.java-1.55.0-win32-x64\jre\21.0.11-win32-x86_64\bin\zip.dll
Event: 15.252 Loaded shared library C:\Users\a2947\.vscode\extensions\redhat.java-1.55.0-win32-x64\jre\21.0.11-win32-x86_64\bin\jimage.dll
Event: 18.217 Loaded shared library c:\Users\a2947\.vscode\extensions\redhat.java-1.55.0-win32-x64\jre\21.0.11-win32-x86_64\bin\verify.dll
Event: 65.183 Loaded shared library C:\Users\a2947\AppData\Roaming\Code\User\globalStorage\redhat.java\1.55.0\config_win\org.eclipse.equinox.launcher\org.eclipse.equinox.launcher.win32.win32.x86_64_1.3.100.v20260613-0559\eclipse_11924.dll
Event: 153.983 Loaded shared library C:\Users\a2947\AppData\Local\Temp\jna-91127531\jna8214648290001165218.dll
Event: 204.200 Loaded shared library C:\Users\a2947\.vscode\extensions\redhat.java-1.55.0-win32-x64\jre\21.0.11-win32-x86_64\bin\management.dll
Event: 208.892 Loaded shared library C:\Users\a2947\.vscode\extensions\redhat.java-1.55.0-win32-x64\jre\21.0.11-win32-x86_64\bin\management_ext.dll
Event: 3011.063 Loaded shared library C:\Users\a2947\.gradle\native\660c5614fbf4a5f2a75b1949f50a0caf5cd603558e7d8a26e50b933a0cfb79d1\windows-amd64\native-platform.dll

Deoptimization events (20 events):
Event: 3101.106 Thread 0x000001e49acaaff0 DEOPT PACKING pc=0x000001e43ef1f481 sp=0x0000004b224feea0
Event: 3101.106 Thread 0x000001e49acaaff0 DEOPT UNPACKING pc=0x000001e445f84242 sp=0x0000004b224fe3c0 mode 0
Event: 3101.734 Thread 0x000001e49acaaff0 DEOPT PACKING pc=0x000001e43ef1f481 sp=0x0000004b224feea0
Event: 3101.734 Thread 0x000001e49acaaff0 DEOPT UNPACKING pc=0x000001e445f84242 sp=0x0000004b224fe3c0 mode 0
Event: 3101.810 Thread 0x000001e49c97bbf0 Uncommon trap: trap_request=0xffffff45 fr.pc=0x000001e4466c016c relative=0x00000000000008ec
Event: 3101.811 Thread 0x000001e49c97bbf0 Uncommon trap: reason=unstable_if action=reinterpret pc=0x000001e4466c016c method=org.eclipse.jdt.internal.compiler.util.CharDeduplication.sharedCopyOfRange([CII)[C @ 147 c2
Event: 3101.811 Thread 0x000001e49c97bbf0 DEOPT PACKING pc=0x000001e4466c016c sp=0x0000004b227fde20
Event: 3101.811 Thread 0x000001e49c97bbf0 DEOPT UNPACKING pc=0x000001e445f83aa2 sp=0x0000004b227fddb0 mode 2
Event: 3102.347 Thread 0x000001e49acaaff0 DEOPT PACKING pc=0x000001e43ef1f481 sp=0x0000004b224feea0
Event: 3102.347 Thread 0x000001e49acaaff0 DEOPT UNPACKING pc=0x000001e445f84242 sp=0x0000004b224fe3c0 mode 0
Event: 3103.048 Thread 0x000001e49acaaff0 DEOPT PACKING pc=0x000001e43ef1f481 sp=0x0000004b224feea0
Event: 3103.048 Thread 0x000001e49acaaff0 DEOPT UNPACKING pc=0x000001e445f84242 sp=0x0000004b224fe3c0 mode 0
Event: 3103.755 Thread 0x000001e49acaaff0 DEOPT PACKING pc=0x000001e43ef1f481 sp=0x0000004b224feea0
Event: 3103.755 Thread 0x000001e49acaaff0 DEOPT UNPACKING pc=0x000001e445f84242 sp=0x0000004b224fe3c0 mode 0
Event: 3104.392 Thread 0x000001e49acaaff0 DEOPT PACKING pc=0x000001e43ef1f481 sp=0x0000004b224feea0
Event: 3104.392 Thread 0x000001e49acaaff0 DEOPT UNPACKING pc=0x000001e445f84242 sp=0x0000004b224fe3c0 mode 0
Event: 3105.196 Thread 0x000001e49acaaff0 DEOPT PACKING pc=0x000001e43ef1f481 sp=0x0000004b224feea0
Event: 3105.198 Thread 0x000001e49acaaff0 DEOPT UNPACKING pc=0x000001e445f84242 sp=0x0000004b224fe3c0 mode 0
Event: 3106.070 Thread 0x000001e49acaaff0 DEOPT PACKING pc=0x000001e43ef1f481 sp=0x0000004b224feea0
Event: 3106.070 Thread 0x000001e49acaaff0 DEOPT UNPACKING pc=0x000001e445f84242 sp=0x0000004b224fe3c0 mode 0

Classes loaded (20 events):
Event: 3095.339 Loading class java/util/Hashtable$ValueCollection
Event: 3095.347 Loading class java/util/Hashtable$ValueCollection done
Event: 3095.586 Loading class java/util/concurrent/ConcurrentHashMap$KeySpliterator
Event: 3095.597 Loading class java/util/concurrent/ConcurrentHashMap$KeySpliterator done
Event: 3095.982 Loading class sun/nio/ch/ChannelOutputStream
Event: 3095.991 Loading class sun/nio/ch/ChannelOutputStream done
Event: 3096.132 Loading class java/lang/management/RuntimeMXBean
Event: 3096.141 Loading class java/lang/management/RuntimeMXBean done
Event: 3096.173 Loading class sun/management/RuntimeImpl
Event: 3096.183 Loading class sun/management/RuntimeImpl done
Event: 3097.208 Loading class java/util/stream/ReferencePipeline$4
Event: 3097.227 Loading class java/util/stream/ReferencePipeline$4 done
Event: 3097.248 Loading class java/util/stream/Nodes$IntFixedNodeBuilder
Event: 3097.254 Loading class java/util/stream/Node$Builder$OfInt
Event: 3097.267 Loading class java/util/stream/Node$Builder$OfInt done
Event: 3097.267 Loading class java/util/stream/Nodes$IntArrayNode
Event: 3097.271 Loading class java/util/stream/Nodes$IntArrayNode done
Event: 3097.274 Loading class java/util/stream/Nodes$IntFixedNodeBuilder done
Event: 3097.275 Loading class java/util/stream/ReferencePipeline$4$1
Event: 3097.285 Loading class java/util/stream/ReferencePipeline$4$1 done

Classes unloaded (20 events):
Event: 2496.945 Thread 0x000001e43b8b0b30 Unloading class 0x000001e454002400 'java/lang/invoke/LambdaForm$MH+0x000001e454002400'
Event: 2496.945 Thread 0x000001e43b8b0b30 Unloading class 0x000001e454002000 'java/lang/invoke/LambdaForm$MH+0x000001e454002000'
Event: 2496.945 Thread 0x000001e43b8b0b30 Unloading class 0x000001e454001800 'java/lang/invoke/LambdaForm$MH+0x000001e454001800'
Event: 2496.947 Thread 0x000001e43b8b0b30 Unloading class 0x000001e454000400 'java/lang/invoke/LambdaForm$MH+0x000001e454000400'
Event: 2859.811 Thread 0x000001e43b8b0b30 Unloading class 0x000001e45429c000 'java/lang/invoke/LambdaForm$MH+0x000001e45429c000'
Event: 2859.811 Thread 0x000001e43b8b0b30 Unloading class 0x000001e45429b800 'java/lang/invoke/LambdaForm$MH+0x000001e45429b800'
Event: 2859.813 Thread 0x000001e43b8b0b30 Unloading class 0x000001e45429b000 'java/lang/invoke/LambdaForm$MH+0x000001e45429b000'
Event: 2859.814 Thread 0x000001e43b8b0b30 Unloading class 0x000001e45429ac00 'java/lang/invoke/LambdaForm$MH+0x000001e45429ac00'
Event: 2859.814 Thread 0x000001e43b8b0b30 Unloading class 0x000001e45429a400 'java/lang/invoke/LambdaForm$DMH+0x000001e45429a400'
Event: 2859.814 Thread 0x000001e43b8b0b30 Unloading class 0x000001e454299800 'java/lang/invoke/LambdaForm$MH+0x000001e454299800'
Event: 2859.814 Thread 0x000001e43b8b0b30 Unloading class 0x000001e454298800 'java/lang/invoke/LambdaForm$MH+0x000001e454298800'
Event: 2859.815 Thread 0x000001e43b8b0b30 Unloading class 0x000001e45401e400 'java/lang/invoke/LambdaForm$MH+0x000001e45401e400'
Event: 2859.815 Thread 0x000001e43b8b0b30 Unloading class 0x000001e45401f800 'java/lang/invoke/LambdaForm$MH+0x000001e45401f800'
Event: 2859.815 Thread 0x000001e43b8b0b30 Unloading class 0x000001e45408ac00 'java/lang/invoke/LambdaForm$MH+0x000001e45408ac00'
Event: 2859.815 Thread 0x000001e43b8b0b30 Unloading class 0x000001e4540b5000 'java/lang/invoke/LambdaForm$MH+0x000001e4540b5000'
Event: 2859.816 Thread 0x000001e43b8b0b30 Unloading class 0x000001e454176000 'java/lang/invoke/LambdaForm$MH+0x000001e454176000'
Event: 2859.816 Thread 0x000001e43b8b0b30 Unloading class 0x000001e454178000 'java/lang/invoke/LambdaForm$MH+0x000001e454178000'
Event: 2859.816 Thread 0x000001e43b8b0b30 Unloading class 0x000001e454181000 'java/lang/invoke/LambdaForm$MH+0x000001e454181000'
Event: 2859.816 Thread 0x000001e43b8b0b30 Unloading class 0x000001e454183c00 'java/lang/invoke/LambdaForm$MH+0x000001e454183c00'
Event: 2859.816 Thread 0x000001e43b8b0b30 Unloading class 0x000001e4541bc800 'java/lang/invoke/LambdaForm$DMH+0x000001e4541bc800'

Classes redefined (0 events):
No events

Internal exceptions (20 events):
Event: 3095.732 Thread 0x000001e49acab680 Exception <a 'java/lang/NoSuchMethodError'{0x00000000d5a3e378}: 'java.lang.Object java.lang.invoke.DirectMethodHandle$Holder.newInvokeSpecial(java.lang.Object, java.lang.Object, int, int, java.lang.Object)'> (0x00000000d5a3e378) 
thrown [s\src\hotspot\share\interpreter\linkResolver.cpp, line 773]
Event: 3095.877 Thread 0x000001e49c97bbf0 Exception <a 'java/lang/NoSuchMethodError'{0x00000000d5acdac8}: 'java.lang.Object java.lang.invoke.DirectMethodHandle$Holder.invokeStatic(java.lang.Object, java.lang.Object, int, java.lang.Object)'> (0x00000000d5acdac8) 
thrown [s\src\hotspot\share\interpreter\linkResolver.cpp, line 773]
Event: 3095.903 Thread 0x000001e49c97bbf0 Exception <a 'java/lang/NoSuchMethodError'{0x00000000d5ad4468}: 'java.lang.Object java.lang.invoke.DirectMethodHandle$Holder.newInvokeSpecial(java.lang.Object, java.lang.Object, int)'> (0x00000000d5ad4468) 
thrown [s\src\hotspot\share\interpreter\linkResolver.cpp, line 773]
Event: 3096.769 Thread 0x000001e49c97bbf0 Exception <a 'java/lang/NullPointerException'{0x00000000d5ccead0}> (0x00000000d5ccead0) 
thrown [s\src\hotspot\share\interpreter\linkResolver.cpp, line 1372]
Event: 3096.840 Thread 0x000001e49c97bbf0 Exception <a 'java/lang/NullPointerException'{0x00000000d5ccef78}> (0x00000000d5ccef78) 
thrown [s\src\hotspot\share\interpreter\linkResolver.cpp, line 1372]
Event: 3097.017 Thread 0x000001e49c97bbf0 Exception <a 'java/lang/NullPointerException'{0x00000000d5d49500}> (0x00000000d5d49500) 
thrown [s\src\hotspot\share\interpreter\linkResolver.cpp, line 1372]
Event: 3097.074 Thread 0x000001e49c97bbf0 Exception <a 'java/lang/NullPointerException'{0x00000000d5d49da8}> (0x00000000d5d49da8) 
thrown [s\src\hotspot\share\interpreter\linkResolver.cpp, line 1372]
Event: 3097.336 Thread 0x000001e49c97bbf0 Exception <a 'java/lang/NullPointerException'{0x00000000d5e55490}> (0x00000000d5e55490) 
thrown [s\src\hotspot\share\interpreter\linkResolver.cpp, line 1372]
Event: 3097.351 Thread 0x000001e49c97bbf0 Exception <a 'java/lang/NullPointerException'{0x00000000d5e55928}> (0x00000000d5e55928) 
thrown [s\src\hotspot\share\interpreter\linkResolver.cpp, line 1372]
Event: 3097.433 Thread 0x000001e49c97bbf0 Exception <a 'java/lang/NullPointerException'{0x00000000d5e56080}> (0x00000000d5e56080) 
thrown [s\src\hotspot\share\interpreter\linkResolver.cpp, line 1372]
Event: 3100.765 Thread 0x000001e49c97bbf0 Exception <a 'java/lang/NullPointerException'{0x00000000d6851c78}> (0x00000000d6851c78) 
thrown [s\src\hotspot\share\interpreter\linkResolver.cpp, line 1372]
Event: 3102.287 Thread 0x000001e49c97bbf0 Exception <a 'java/lang/NullPointerException'{0x00000000d6adab78}> (0x00000000d6adab78) 
thrown [s\src\hotspot\share\interpreter\linkResolver.cpp, line 1372]
Event: 3102.293 Thread 0x000001e49c97bbf0 Exception <a 'java/lang/NullPointerException'{0x00000000d6adafb0}> (0x00000000d6adafb0) 
thrown [s\src\hotspot\share\interpreter\linkResolver.cpp, line 1372]
Event: 3103.114 Thread 0x000001e49c97bbf0 Exception <a 'java/lang/NoSuchMethodError'{0x00000000d5604ba0}: 'java.lang.Object java.lang.invoke.DirectMethodHandle$Holder.invokeStatic(java.lang.Object, java.lang.Object, int, java.lang.Object, java.lang.Object)'> (0x00000000d5604ba0) 
thrown [s\src\hotspot\share\interpreter\linkResolver.cpp, line 773]
Event: 3103.851 Thread 0x000001e49c97bbf0 Exception <a 'java/lang/NullPointerException'{0x00000000d5694670}> (0x00000000d5694670) 
thrown [s\src\hotspot\share\interpreter\linkResolver.cpp, line 1372]
Event: 3103.910 Thread 0x000001e49c97bbf0 Exception <a 'java/lang/NullPointerException'{0x00000000d5696918}> (0x00000000d5696918) 
thrown [s\src\hotspot\share\interpreter\linkResolver.cpp, line 1372]
Event: 3103.982 Thread 0x000001e49c97bbf0 Exception <a 'java/lang/NullPointerException'{0x00000000d56ccd00}> (0x00000000d56ccd00) 
thrown [s\src\hotspot\share\interpreter\linkResolver.cpp, line 1372]
Event: 3103.987 Thread 0x000001e49c97bbf0 Exception <a 'java/lang/NullPointerException'{0x00000000d56cd0e8}> (0x00000000d56cd0e8) 
thrown [s\src\hotspot\share\interpreter\linkResolver.cpp, line 1372]
Event: 3104.112 Thread 0x000001e49c97bbf0 Exception <a 'java/lang/NullPointerException'{0x00000000d56d60a0}> (0x00000000d56d60a0) 
thrown [s\src\hotspot\share\interpreter\linkResolver.cpp, line 1372]
Event: 3104.126 Thread 0x000001e49c97bbf0 Exception <a 'java/lang/NullPointerException'{0x00000000d56d6768}> (0x00000000d56d6768) 
thrown [s\src\hotspot\share\interpreter\linkResolver.cpp, line 1372]

ZGC Phase Switch (0 events):
No events

VM Operations (20 events):
Event: 3098.054 Executing safepoint VM operation: Cleanup
Event: 3098.055 Executing safepoint VM operation: Cleanup done
Event: 3099.055 Executing safepoint VM operation: Cleanup
Event: 3099.057 Executing safepoint VM operation: Cleanup done
Event: 3101.056 Executing safepoint VM operation: Cleanup
Event: 3101.061 Executing safepoint VM operation: Cleanup done
Event: 3102.061 Executing safepoint VM operation: Cleanup
Event: 3102.063 Executing safepoint VM operation: Cleanup done
Event: 3102.406 Executing safepoint VM operation: ParallelGCFailedAllocation (Allocation Failure)
Event: 3102.445 Executing safepoint VM operation: ParallelGCFailedAllocation (Allocation Failure) done
Event: 3104.446 Executing safepoint VM operation: Cleanup
Event: 3104.447 Executing safepoint VM operation: Cleanup done
Event: 3104.726 Executing non-safepoint VM operation: HandshakeAllThreads (HandshakeForDeflation)
Event: 3104.734 Executing non-safepoint VM operation: HandshakeAllThreads (HandshakeForDeflation) done
Event: 3104.735 Executing non-safepoint VM operation: RendezvousGCThreads
Event: 3104.735 Executing non-safepoint VM operation: RendezvousGCThreads done
Event: 3105.735 Executing safepoint VM operation: Cleanup
Event: 3105.738 Executing safepoint VM operation: Cleanup done
Event: 3106.738 Executing safepoint VM operation: Cleanup
Event: 3106.893 Executing safepoint VM operation: Cleanup done

Memory protections (0 events):
No events

Nmethod flushes (20 events):
Event: 3083.794 Thread 0x000001e43b8b0b30 flushing  nmethod 0x000001e43f47bb10
Event: 3083.795 Thread 0x000001e43b8b0b30 flushing  nmethod 0x000001e43f48e390
Event: 3083.797 Thread 0x000001e43b8b0b30 flushing  nmethod 0x000001e43f48f690
Event: 3083.798 Thread 0x000001e43b8b0b30 flushing  nmethod 0x000001e43f48fa10
Event: 3083.798 Thread 0x000001e43b8b0b30 flushing  nmethod 0x000001e43f490910
Event: 3083.799 Thread 0x000001e43b8b0b30 flushing  nmethod 0x000001e43f4b0f10
Event: 3083.799 Thread 0x000001e43b8b0b30 flushing  nmethod 0x000001e43f4b1390
Event: 3083.799 Thread 0x000001e43b8b0b30 flushing  nmethod 0x000001e43f4b1e10
Event: 3083.799 Thread 0x000001e43b8b0b30 flushing  nmethod 0x000001e43f4b3510
Event: 3083.799 Thread 0x000001e43b8b0b30 flushing  nmethod 0x000001e43f4b5690
Event: 3083.800 Thread 0x000001e43b8b0b30 flushing  nmethod 0x000001e43f4b5c90
Event: 3083.800 Thread 0x000001e43b8b0b30 flushing  nmethod 0x000001e43f4b6510
Event: 3083.800 Thread 0x000001e43b8b0b30 flushing  nmethod 0x000001e43f4b7c10
Event: 3083.800 Thread 0x000001e43b8b0b30 flushing  nmethod 0x000001e43f4b9910
Event: 3083.801 Thread 0x000001e43b8b0b30 flushing  nmethod 0x000001e43f4bfc90
Event: 3083.802 Thread 0x000001e43b8b0b30 flushing  nmethod 0x000001e43f4d8610
Event: 3083.802 Thread 0x000001e43b8b0b30 flushing  nmethod 0x000001e43f4dbe10
Event: 3083.802 Thread 0x000001e43b8b0b30 flushing  nmethod 0x000001e43f4f5e90
Event: 3083.803 Thread 0x000001e43b8b0b30 flushing osr nmethod 0x000001e43f542990
Event: 3083.803 Thread 0x000001e43b8b0b30 flushing osr nmethod 0x000001e43f571090

Events (20 events):
Event: 3039.539 Thread 0x000001e49f3d2600 Thread added: 0x000001e49f3d1f70
Event: 3039.541 Thread 0x000001e49f3d39b0 Thread added: 0x000001e49f3d2c90
Event: 3045.785 Thread 0x000001e49acab680 Thread added: 0x000001e49f3d18e0
Event: 3045.802 Thread 0x000001e49acab680 Thread added: 0x000001e49c11b430
Event: 3045.814 Thread 0x000001e49acab680 Thread added: 0x000001e49c11c150
Event: 3045.824 Thread 0x000001e49acab680 Thread added: 0x000001e49acac3a0
Event: 3045.829 Thread 0x000001e49acab680 Thread added: 0x000001e49c97a840
Event: 3045.831 Thread 0x000001e49acab680 Thread added: 0x000001e49c97aed0
Event: 3090.473 Thread 0x000001e49acab680 Thread added: 0x000001e49c97bbf0
Event: 3091.653 Thread 0x000001e49acabd10 Thread added: 0x000001e49c97cfa0
Event: 3091.887 Thread 0x000001e49c97cfa0 Thread added: 0x000001e49c97d630
Event: 3095.775 Thread 0x000001e49acab680 Thread added: 0x000001e49c97dcc0
Event: 3096.766 Thread 0x000001e49acab680 Thread added: 0x000001e49c97e350
Event: 3099.265 Thread 0x000001e49acab680 Thread added: 0x000001e49c97e9e0
Event: 3099.967 Thread 0x000001e49acab680 Thread added: 0x000001e49c97b560
Event: 3099.969 Thread 0x000001e49f3d1f70 Thread exited: 0x000001e49f3d1f70
Event: 3100.208 Thread 0x000001e49acab680 Thread added: 0x000001e49c97f070
Event: 3100.433 Thread 0x000001e49f3ceaf0 Thread exited: 0x000001e49f3ceaf0
Event: 3100.494 Thread 0x000001e49acab680 Thread added: 0x000001e49c97f700
Event: 3100.798 Thread 0x000001e49c11c7e0 Thread added: 0x000001e49c97c280


Dynamic libraries:
0x00007ff7375e0000 - 0x00007ff7375ee000 	c:\Users\a2947\.vscode\extensions\redhat.java-1.55.0-win32-x64\jre\21.0.11-win32-x86_64\bin\java.exe
0x00007ffa11cb0000 - 0x00007ffa120e7000 	C:\WINDOWS\SYSTEM32\ntdll.dll
0x00007ffa11a90000 - 0x00007ffa11c5f000 	C:\WINDOWS\System32\xtajit64se.dll
0x00007ffa11610000 - 0x00007ffa11779000 	C:\WINDOWS\System32\KERNEL32.DLL
0x00007ffa0d880000 - 0x00007ffa0df52000 	C:\WINDOWS\System32\KERNELBASE.dll
0x00007ffa0cbe0000 - 0x00007ffa0cce6000 	C:\WINDOWS\SYSTEM32\apphelp.dll
0x00007ffa0d300000 - 0x00007ffa0d529000 	C:\WINDOWS\System32\ucrtbase.dll
0x00007ffa02f70000 - 0x00007ffa02f8e000 	c:\Users\a2947\.vscode\extensions\redhat.java-1.55.0-win32-x64\jre\21.0.11-win32-x86_64\bin\VCRUNTIME140.dll
0x00007ffa02e90000 - 0x00007ffa02ea8000 	c:\Users\a2947\.vscode\extensions\redhat.java-1.55.0-win32-x64\jre\21.0.11-win32-x86_64\bin\jli.dll
0x00007ffa112c0000 - 0x00007ffa1153e000 	C:\WINDOWS\System32\USER32.dll
0x00007ff9f3980000 - 0x00007ff9f3def000 	C:\WINDOWS\WinSxS\arm64_microsoft.windows.common-controls_6595b64144ccf1df_6.0.26100.8521_none_3e08b6bae33404f7\COMCTL32.dll
0x00007ffa0d040000 - 0x00007ffa0d0a1000 	C:\WINDOWS\System32\win32u.dll
0x00007ffa117a0000 - 0x00007ffa118e8000 	C:\WINDOWS\System32\msvcrt.dll
0x00007ffa0df60000 - 0x00007ffa0dfc5000 	C:\WINDOWS\System32\GDI32.dll
0x00007ffa0d530000 - 0x00007ffa0d719000 	C:\WINDOWS\System32\gdi32full.dll
0x00007ffa0d720000 - 0x00007ffa0d879000 	C:\WINDOWS\System32\msvcp_win.dll
0x00007ffa0e3d0000 - 0x00007ffa0e427000 	C:\WINDOWS\System32\IMM32.DLL
0x00007ffa02e30000 - 0x00007ffa02e3c000 	c:\Users\a2947\.vscode\extensions\redhat.java-1.55.0-win32-x64\jre\21.0.11-win32-x86_64\bin\vcruntime140_1.dll
0x00007ff9faa00000 - 0x00007ff9faa8d000 	c:\Users\a2947\.vscode\extensions\redhat.java-1.55.0-win32-x64\jre\21.0.11-win32-x86_64\bin\msvcp140.dll
0x00007ff9b2320000 - 0x00007ff9b30c2000 	c:\Users\a2947\.vscode\extensions\redhat.java-1.55.0-win32-x64\jre\21.0.11-win32-x86_64\bin\server\jvm.dll
0x00007ffa11170000 - 0x00007ffa112b4000 	C:\WINDOWS\System32\ADVAPI32.dll
0x00007ffa0fb20000 - 0x00007ffa0fc46000 	C:\WINDOWS\System32\sechost.dll
0x00007ffa0e6d0000 - 0x00007ffa0e8d3000 	C:\WINDOWS\System32\RPCRT4.dll
0x00007ffa0ce10000 - 0x00007ffa0ce8c000 	C:\WINDOWS\SYSTEM32\POWRPROF.dll
0x00007ffa0fef0000 - 0x00007ffa0ffc6000 	C:\WINDOWS\System32\WS2_32.dll
0x00007ff9fcfa0000 - 0x00007ff9fcfb6000 	C:\WINDOWS\SYSTEM32\VERSION.dll
0x00007ff9c20e0000 - 0x00007ff9c2143000 	C:\WINDOWS\SYSTEM32\WINMM.dll
0x00007ffa0cde0000 - 0x00007ffa0ce05000 	C:\WINDOWS\SYSTEM32\UMPDC.dll
0x00007ffa0ae50000 - 0x00007ffa0ae81000 	C:\WINDOWS\SYSTEM32\kernel.appcore.dll
0x00007ffa02e20000 - 0x00007ffa02e2a000 	c:\Users\a2947\.vscode\extensions\redhat.java-1.55.0-win32-x64\jre\21.0.11-win32-x86_64\bin\jimage.dll
0x00007ff9f8b00000 - 0x00007ff9f8f3b000 	C:\WINDOWS\SYSTEM32\DBGHELP.DLL
0x00007ffa10000000 - 0x00007ffa10692000 	C:\WINDOWS\System32\combase.dll
0x00007ffa0e430000 - 0x00007ffa0e5d7000 	C:\WINDOWS\System32\OLEAUT32.dll
0x00007ffa01a10000 - 0x00007ffa01a7e000 	C:\WINDOWS\SYSTEM32\dbgcore.DLL
0x00007ffa0d0b0000 - 0x00007ffa0d1a7000 	C:\WINDOWS\System32\bcryptPrimitives.dll
0x00007ffa07d80000 - 0x00007ffa07d8f000 	c:\Users\a2947\.vscode\extensions\redhat.java-1.55.0-win32-x64\jre\21.0.11-win32-x86_64\bin\instrument.dll
0x00007ff9ff750000 - 0x00007ff9ff770000 	c:\Users\a2947\.vscode\extensions\redhat.java-1.55.0-win32-x64\jre\21.0.11-win32-x86_64\bin\java.dll
0x00007ffa0e8e0000 - 0x00007ffa0f795000 	C:\WINDOWS\System32\SHELL32.dll
0x00007ffa08e10000 - 0x00007ffa0a02d000 	C:\WINDOWS\SYSTEM32\windows.storage.dll
0x00007ffa0f910000 - 0x00007ffa0fb16000 	C:\WINDOWS\System32\SHCORE.dll
0x00007ffa11550000 - 0x00007ffa1160c000 	C:\WINDOWS\System32\shlwapi.dll
0x00007ffa0cef0000 - 0x00007ffa0cf3a000 	C:\WINDOWS\SYSTEM32\profapi.dll
0x00007ff9ff6d0000 - 0x00007ff9ff6e8000 	c:\Users\a2947\.vscode\extensions\redhat.java-1.55.0-win32-x64\jre\21.0.11-win32-x86_64\bin\zip.dll
0x00007ffa02eb0000 - 0x00007ffa02ec0000 	C:\Users\a2947\.vscode\extensions\redhat.java-1.55.0-win32-x64\jre\21.0.11-win32-x86_64\bin\net.dll
0x00007ff9ff3d0000 - 0x00007ff9ff5e7000 	C:\WINDOWS\SYSTEM32\WINHTTP.dll
0x00007ffa0b6c0000 - 0x00007ffa0b783000 	C:\WINDOWS\system32\mswsock.dll
0x00007ff9fab60000 - 0x00007ff9fab76000 	C:\Users\a2947\.vscode\extensions\redhat.java-1.55.0-win32-x64\jre\21.0.11-win32-x86_64\bin\nio.dll
0x00007ffa07d70000 - 0x00007ffa07d80000 	c:\Users\a2947\.vscode\extensions\redhat.java-1.55.0-win32-x64\jre\21.0.11-win32-x86_64\bin\verify.dll
0x00007ff9face0000 - 0x00007ff9fad25000 	C:\Users\a2947\AppData\Roaming\Code\User\globalStorage\redhat.java\1.55.0\config_win\org.eclipse.equinox.launcher\org.eclipse.equinox.launcher.win32.win32.x86_64_1.3.100.v20260613-0559\eclipse_11924.dll
0x00007ffa0e110000 - 0x00007ffa0e3be000 	C:\WINDOWS\System32\ole32.dll
0x00007ffa0bad0000 - 0x00007ffa0bb00000 	C:\WINDOWS\SYSTEM32\CRYPTSP.dll
0x00007ffa0ad80000 - 0x00007ffa0ade7000 	C:\WINDOWS\system32\rsaenh.dll
0x00007ffa0b7f0000 - 0x00007ffa0b84e000 	C:\WINDOWS\SYSTEM32\USERENV.dll
0x00007ffa0ce90000 - 0x00007ffa0cedd000 	C:\WINDOWS\SYSTEM32\bcrypt.dll
0x00007ffa0bb10000 - 0x00007ffa0bb28000 	C:\WINDOWS\SYSTEM32\CRYPTBASE.dll
0x00007ffa0a4c0000 - 0x00007ffa0a51e000 	C:\WINDOWS\SYSTEM32\IPHLPAPI.DLL
0x00007ffa0ffd0000 - 0x00007ffa0ffe2000 	C:\WINDOWS\System32\NSI.dll
0x00007ff9e6fd0000 - 0x00007ff9e7019000 	C:\Users\a2947\AppData\Local\Temp\jna-91127531\jna8214648290001165218.dll
0x00007ffa11780000 - 0x00007ffa1178f000 	C:\WINDOWS\System32\PSAPI.DLL
0x00007ffa07d60000 - 0x00007ffa07d6a000 	C:\Users\a2947\.vscode\extensions\redhat.java-1.55.0-win32-x64\jre\21.0.11-win32-x86_64\bin\management.dll
0x00007ffa04bd0000 - 0x00007ffa04bdc000 	C:\Users\a2947\.vscode\extensions\redhat.java-1.55.0-win32-x64\jre\21.0.11-win32-x86_64\bin\management_ext.dll
0x00007ffa019d0000 - 0x00007ffa01a01000 	C:\WINDOWS\SYSTEM32\dhcpcsvc6.DLL
0x00007ffa01980000 - 0x00007ffa019c6000 	C:\WINDOWS\SYSTEM32\dhcpcsvc.DLL
0x00007ffa02ec0000 - 0x00007ffa02ee7000 	C:\Users\a2947\.gradle\native\660c5614fbf4a5f2a75b1949f50a0caf5cd603558e7d8a26e50b933a0cfb79d1\windows-amd64\native-platform.dll

JVMTI agents:
c:\Users\a2947\.vscode\extensions\redhat.java-1.55.0-win32-x64\lombok\lombok-1.18.39-4050.jar path:c:\Users\a2947\.vscode\extensions\redhat.java-1.55.0-win32-x64\jre\21.0.11-win32-x86_64\bin\instrument.dll, loaded, initialized, instrumentlib options:none

dbghelp: loaded successfully - version: 4.0.5 - missing functions: none
symbol engine: initialized successfully - sym options: 0x614 - pdb path: .;c:\Users\a2947\.vscode\extensions\redhat.java-1.55.0-win32-x64\jre\21.0.11-win32-x86_64\bin;C:\WINDOWS\SYSTEM32;C:\WINDOWS\WinSxS\arm64_microsoft.windows.common-controls_6595b64144ccf1df_6.0.26100.8521_none_3e08b6bae33404f7;c:\Users\a2947\.vscode\extensions\redhat.java-1.55.0-win32-x64\jre\21.0.11-win32-x86_64\bin\server;C:\Users\a2947\AppData\Roaming\Code\User\globalStorage\redhat.java\1.55.0\config_win\org.eclipse.equinox.launcher\org.eclipse.equinox.launcher.win32.win32.x86_64_1.3.100.v20260613-0559;C:\Users\a2947\AppData\Local\Temp\jna-91127531;C:\Users\a2947\.gradle\native\660c5614fbf4a5f2a75b1949f50a0caf5cd603558e7d8a26e50b933a0cfb79d1\windows-amd64

VM Arguments:
jvm_args: --add-modules=ALL-SYSTEM --add-opens=java.base/java.util=ALL-UNNAMED --add-opens=java.base/java.lang=ALL-UNNAMED --add-opens=java.base/sun.nio.fs=ALL-UNNAMED -Declipse.application=org.eclipse.jdt.ls.core.id1 -Dosgi.bundles.defaultStartLevel=4 -Declipse.product=org.eclipse.jdt.ls.core.product -Djava.import.generatesMetadataFilesAtProjectRoot=false -DDetectVMInstallationsJob.disabled=true -Dfile.encoding=utf8 -XX:+UseParallelGC -XX:GCTimeRatio=4 -XX:AdaptiveSizePolicyWeight=90 -Dsun.zip.disableMemoryMapping=true -Xmx2G -Xms100m -Xlog:disable -javaagent:c:\Users\a2947\.vscode\extensions\redhat.java-1.55.0-win32-x64\lombok\lombok-1.18.39-4050.jar -XX:+HeapDumpOnOutOfMemoryError -XX:HeapDumpPath=c:\Users\a2947\AppData\Roaming\Code\User\workspaceStorage\81979c6af268455ac5695f8bd0db8f8c\redhat.java -Daether.dependencyCollector.impl=bf 
java_command: c:\Users\a2947\.vscode\extensions\redhat.java-1.55.0-win32-x64\server\plugins\org.eclipse.equinox.launcher_1.7.200.v20260619-2039.jar -configuration c:\Users\a2947\AppData\Roaming\Code\User\globalStorage\redhat.java\1.55.0\config_win -data c:\Users\a2947\AppData\Roaming\Code\User\workspaceStorage\81979c6af268455ac5695f8bd0db8f8c\redhat.java\jdt_ws --pipe=\\.\pipe\lsp-641a1ed8f427924b0c7974cef8332066-sock
java_class_path (initial): c:\Users\a2947\.vscode\extensions\redhat.java-1.55.0-win32-x64\server\plugins\org.eclipse.equinox.launcher_1.7.200.v20260619-2039.jar
Launcher Type: SUN_STANDARD

[Global flags]
    uintx AdaptiveSizePolicyWeight                 = 90                                        {product} {command line}
     intx CICompilerCount                          = 4                                         {product} {ergonomic}
    uintx GCTimeRatio                              = 4                                         {product} {command line}
     bool HeapDumpOnOutOfMemoryError               = true                                   {manageable} {command line}
    ccstr HeapDumpPath                             = c:\Users\a2947\AppData\Roaming\Code\User\workspaceStorage\81979c6af268455ac5695f8bd0db8f8c\redhat.java         {manageable} {command line}
   size_t InitialHeapSize                          = 104857600                                 {product} {command line}
   size_t MaxHeapSize                              = 2147483648                                {product} {command line}
   size_t MaxNewSize                               = 715653120                                 {product} {ergonomic}
   size_t MinHeapDeltaBytes                        = 524288                                    {product} {ergonomic}
   size_t MinHeapSize                              = 104857600                                 {product} {command line}
   size_t NewSize                                  = 34603008                                  {product} {ergonomic}
    uintx NonNMethodCodeHeapSize                   = 5839372                                {pd product} {ergonomic}
    uintx NonProfiledCodeHeapSize                  = 122909434                              {pd product} {ergonomic}
   size_t OldSize                                  = 70254592                                  {product} {ergonomic}
    uintx ProfiledCodeHeapSize                     = 122909434                              {pd product} {ergonomic}
    uintx ReservedCodeCacheSize                    = 251658240                              {pd product} {ergonomic}
     bool SegmentedCodeCache                       = true                                      {product} {ergonomic}
   size_t SoftMaxHeapSize                          = 2147483648                             {manageable} {ergonomic}
     bool UseCompressedOops                        = true                           {product lp64_product} {ergonomic}
     bool UseLargePagesIndividualAllocation        = false                                  {pd product} {ergonomic}
     bool UseParallelGC                            = true                                      {product} {command line}

Logging:
Log output configuration:
 #0: stdout all=off uptime,level,tags foldmultilines=false
 #1: stderr all=off uptime,level,tags foldmultilines=false

Release file:
JAVA_VERSION="21.0.11" 
MODULES="java.base java.compiler java.datatransfer java.xml java.prefs java.desktop java.instrument java.logging java.management java.security.sasl java.naming java.rmi java.management.rmi java.net.http java.scripting java.security.jgss java.transaction.xa java.sql java.sql.rowset java.xml.crypto java.se java.smartcardio jdk.accessibility jdk.internal.jvmstat jdk.attach jdk.charsets jdk.internal.opt jdk.zipfs jdk.compiler jdk.crypto.ec jdk.crypto.cryptoki jdk.crypto.mscapi jdk.dynalink jdk.internal.ed jdk.editpad jdk.hotspot.agent jdk.httpserver jdk.internal.le jdk.internal.vm.ci jdk.internal.vm.compiler jdk.internal.vm.compiler.management jdk.jartool jdk.javadoc jdk.jcmd jdk.management jdk.management.agent jdk.jconsole jdk.jdeps jdk.jdwp.agent jdk.jdi jdk.jfr jdk.jshell jdk.jsobject jdk.jstatd jdk.localedata jdk.management.jfr jdk.naming.dns jdk.naming.rmi jdk.net jdk.nio.mapmode jdk.random jdk.sctp jdk.security.auth jdk.security.jgss jdk.unsupported jdk.unsupported.desktop jdk.xml.dom" 

Environment Variables:
JAVA_HOME=C:\Program Files\Eclipse Adoptium\jdk-19.0.2.7-hotspot\
PATH=C:\Program Files\Eclipse Adoptium\jdk-19.0.2.7-hotspot\bin;C:\Program Files\Eclipse Adoptium\jdk-17.0.18.8-hotspot\bin;C:\WINDOWS\system32;C:\WINDOWS;C:\WINDOWS\System32\Wbem;C:\WINDOWS\System32\WindowsPowerShell\v1.0\;C:\WINDOWS\System32\OpenSSH\;C:\Program Files\nodejs\;C:\Program Files\Git\cmd;C:\Users\a2947\Downloads\gradle-9.4.1\bin;C:\Users\a2947\AppData\Local\Programs\Python\Python313\Scripts\;C:\Users\a2947\AppData\Local\Programs\Python\Python313\;C:\Users\a2947\AppData\Local\Programs\Python\Launcher\;C:\Users\a2947\AppData\Local\Microsoft\WindowsApps;C:\Users\a2947\AppData\Local\Programs\Microsoft VS Code\bin;C:\Users\a2947\AppData\Roaming\npm;C:\MinGW\bin;
USERNAME=a2947
OS=Windows_NT
PROCESSOR_IDENTIFIER=ARMv8 (64-bit) Family 8 Model 805 Revision D0E, Qualcomm Technologies Inc
TMP=C:\Users\a2947\AppData\Local\Temp
TEMP=C:\Users\a2947\AppData\Local\Temp




Periodic native trim disabled

---------------  S Y S T E M  ---------------

OS:
 Windows 11 , 64 bit Build 26100 (10.0.26100.8521)
OS uptime: 33 days 6:01 hours

CPU: total 8 (initial active 8) (8 cores per cpu, 1 threads per core) family 21 model 0 stepping 1 microcode 0x0, cx8, cmov, fxsr, mmx, 3dnowpref, sse, sse2, sse3, ssse3, sse4.1, sse4.2, popcnt, lzcnt, tsc, tscinvbit, avx, avx2, aes, clmul, bmi1, bmi2, fma, vzeroupper, clflush, rdtscp, f16c
Processor Information for processor 0
  Max Mhz: 1804, Current Mhz: 1804, Mhz Limit: 1804
Processor Information for processor 1
  Max Mhz: 1804, Current Mhz: 1804, Mhz Limit: 1804
Processor Information for processor 2
  Max Mhz: 1804, Current Mhz: 1804, Mhz Limit: 1804
Processor Information for processor 3
  Max Mhz: 1804, Current Mhz: 1804, Mhz Limit: 1804
Processor Information for processor 4
  Max Mhz: 1804, Current Mhz: 1804, Mhz Limit: 1804
Processor Information for processor 5
  Max Mhz: 1804, Current Mhz: 1804, Mhz Limit: 1804
Processor Information for processor 6
  Max Mhz: 2553, Current Mhz: 2553, Mhz Limit: 2553
Processor Information for processor 7
  Max Mhz: 2553, Current Mhz: 2553, Mhz Limit: 2553

Memory: 4k page, system-wide physical 3767M (46M free)
TotalPageFile size 15543M (AvailPageFile size 18M)
current process WorkingSet (physical memory assigned to process): 170M, peak: 214M
current process commit charge ("private bytes"): 467M, peak: 489M

vm_info: OpenJDK 64-Bit Server VM (21.0.11+10-LTS) for windows-amd64 JRE (21.0.11+10-LTS), built on 2026-04-21T00:00:00Z by "admin" with MS VC++ 17.12 (VS2022)

END.
